# compute-mfcc-feats --write-utt2dur=ark,t:data/yousef/log/utt2dur.2 --verbose=2 --config=conf/mfcc.conf scp,p:data/yousef/log/wav_yousef.2.scp ark:- | copy-feats --write-num-frames=ark,t:data/yousef/log/utt2num_frames.2 --compress=true ark:- ark,scp:/Users/john/kaldi_jjm/egs/ultra_testbed/t1/data/yousef/data/raw_mfcc_yousef.2.ark,/Users/john/kaldi_jjm/egs/ultra_testbed/t1/data/yousef/data/raw_mfcc_yousef.2.scp 
# Started at Fri Jan 29 09:30:23 EST 2021
#
copy-feats --write-num-frames=ark,t:data/yousef/log/utt2num_frames.2 --compress=true ark:- ark,scp:/Users/john/kaldi_jjm/egs/ultra_testbed/t1/data/yousef/data/raw_mfcc_yousef.2.ark,/Users/john/kaldi_jjm/egs/ultra_testbed/t1/data/yousef/data/raw_mfcc_yousef.2.scp 
compute-mfcc-feats --write-utt2dur=ark,t:data/yousef/log/utt2dur.2 --verbose=2 --config=conf/mfcc.conf scp,p:data/yousef/log/wav_yousef.2.scp ark:- 
VLOG[2] (compute-mfcc-feats[5.5.810~1-76a979]:main():compute-mfcc-feats.cc:182) Processed features for key yousef_recordings_014
VLOG[2] (compute-mfcc-feats[5.5.810~1-76a979]:main():compute-mfcc-feats.cc:182) Processed features for key yousef_recordings_015
VLOG[2] (compute-mfcc-feats[5.5.810~1-76a979]:main():compute-mfcc-feats.cc:182) Processed features for key yousef_recordings_016
VLOG[2] (compute-mfcc-feats[5.5.810~1-76a979]:main():compute-mfcc-feats.cc:182) Processed features for key yousef_recordings_017
VLOG[2] (compute-mfcc-feats[5.5.810~1-76a979]:main():compute-mfcc-feats.cc:182) Processed features for key yousef_recordings_018
VLOG[2] (compute-mfcc-feats[5.5.810~1-76a979]:main():compute-mfcc-feats.cc:182) Processed features for key yousef_recordings_019
VLOG[2] (compute-mfcc-feats[5.5.810~1-76a979]:main():compute-mfcc-feats.cc:182) Processed features for key yousef_recordings_020
VLOG[2] (compute-mfcc-feats[5.5.810~1-76a979]:main():compute-mfcc-feats.cc:182) Processed features for key yousef_recordings_021
VLOG[2] (compute-mfcc-feats[5.5.810~1-76a979]:main():compute-mfcc-feats.cc:182) Processed features for key yousef_recordings_022
LOG (compute-mfcc-feats[5.5.810~1-76a979]:main():compute-mfcc-feats.cc:181) Processed 10 utterances
VLOG[2] (compute-mfcc-feats[5.5.810~1-76a979]:main():compute-mfcc-feats.cc:182) Processed features for key yousef_recordings_023
VLOG[2] (compute-mfcc-feats[5.5.810~1-76a979]:main():compute-mfcc-feats.cc:182) Processed features for key yousef_recordings_024
VLOG[2] (compute-mfcc-feats[5.5.810~1-76a979]:main():compute-mfcc-feats.cc:182) Processed features for key yousef_recordings_025
VLOG[2] (compute-mfcc-feats[5.5.810~1-76a979]:main():compute-mfcc-feats.cc:182) Processed features for key yousef_recordings_042
LOG (compute-mfcc-feats[5.5.810~1-76a979]:main():compute-mfcc-feats.cc:185)  Done 13 out of 13 utterances.
LOG (copy-feats[5.5.810~1-76a979]:main():copy-feats.cc:143) Copied 13 feature matrices.
# Accounting: time=1 threads=1
# Ended (code 0) at Fri Jan 29 09:30:24 EST 2021, elapsed time 1 seconds
