# compute-mfcc-feats --write-utt2dur=ark,t:data/yousef/log/utt2dur.3 --verbose=2 --config=conf/mfcc.conf scp,p:data/yousef/log/wav_yousef.3.scp ark:- | copy-feats --write-num-frames=ark,t:data/yousef/log/utt2num_frames.3 --compress=true ark:- ark,scp:/Users/john/kaldi_jjm/egs/ultra_testbed/t1/data/yousef/data/raw_mfcc_yousef.3.ark,/Users/john/kaldi_jjm/egs/ultra_testbed/t1/data/yousef/data/raw_mfcc_yousef.3.scp 
# Started at Fri Jan 29 09:30:23 EST 2021
#
copy-feats --write-num-frames=ark,t:data/yousef/log/utt2num_frames.3 --compress=true ark:- ark,scp:/Users/john/kaldi_jjm/egs/ultra_testbed/t1/data/yousef/data/raw_mfcc_yousef.3.ark,/Users/john/kaldi_jjm/egs/ultra_testbed/t1/data/yousef/data/raw_mfcc_yousef.3.scp 
compute-mfcc-feats --write-utt2dur=ark,t:data/yousef/log/utt2dur.3 --verbose=2 --config=conf/mfcc.conf scp,p:data/yousef/log/wav_yousef.3.scp ark:- 
VLOG[2] (compute-mfcc-feats[5.5.810~1-76a979]:main():compute-mfcc-feats.cc:182) Processed features for key yousef_recordings_043
VLOG[2] (compute-mfcc-feats[5.5.810~1-76a979]:main():compute-mfcc-feats.cc:182) Processed features for key yousef_recordings_044
VLOG[2] (compute-mfcc-feats[5.5.810~1-76a979]:main():compute-mfcc-feats.cc:182) Processed features for key yousef_recordings_045
VLOG[2] (compute-mfcc-feats[5.5.810~1-76a979]:main():compute-mfcc-feats.cc:182) Processed features for key yousef_recordings_046
VLOG[2] (compute-mfcc-feats[5.5.810~1-76a979]:main():compute-mfcc-feats.cc:182) Processed features for key yousef_recordings_047
VLOG[2] (compute-mfcc-feats[5.5.810~1-76a979]:main():compute-mfcc-feats.cc:182) Processed features for key yousef_recordings_048
VLOG[2] (compute-mfcc-feats[5.5.810~1-76a979]:main():compute-mfcc-feats.cc:182) Processed features for key yousef_recordings_049
VLOG[2] (compute-mfcc-feats[5.5.810~1-76a979]:main():compute-mfcc-feats.cc:182) Processed features for key yousef_recordings_050
VLOG[2] (compute-mfcc-feats[5.5.810~1-76a979]:main():compute-mfcc-feats.cc:182) Processed features for key yousef_recordings_051
LOG (compute-mfcc-feats[5.5.810~1-76a979]:main():compute-mfcc-feats.cc:181) Processed 10 utterances
VLOG[2] (compute-mfcc-feats[5.5.810~1-76a979]:main():compute-mfcc-feats.cc:182) Processed features for key yousef_recordings_057
VLOG[2] (compute-mfcc-feats[5.5.810~1-76a979]:main():compute-mfcc-feats.cc:182) Processed features for key yousef_recordings_058
VLOG[2] (compute-mfcc-feats[5.5.810~1-76a979]:main():compute-mfcc-feats.cc:182) Processed features for key yousef_recordings_059
VLOG[2] (compute-mfcc-feats[5.5.810~1-76a979]:main():compute-mfcc-feats.cc:182) Processed features for key yousef_recordings_060
LOG (compute-mfcc-feats[5.5.810~1-76a979]:main():compute-mfcc-feats.cc:185)  Done 13 out of 13 utterances.
LOG (copy-feats[5.5.810~1-76a979]:main():copy-feats.cc:143) Copied 13 feature matrices.
# Accounting: time=1 threads=1
# Ended (code 0) at Fri Jan 29 09:30:24 EST 2021, elapsed time 1 seconds
