# compute-mfcc-feats --write-utt2dur=ark,t:data/hisham/log/utt2dur.2 --verbose=2 --config=conf/mfcc.conf scp,p:data/hisham/log/wav_hisham.2.scp ark:- | copy-feats --write-num-frames=ark,t:data/hisham/log/utt2num_frames.2 --compress=true ark:- ark,scp:/Users/john/kaldi_jjm/egs/ultra_testbed/t1/data/hisham/data/raw_mfcc_hisham.2.ark,/Users/john/kaldi_jjm/egs/ultra_testbed/t1/data/hisham/data/raw_mfcc_hisham.2.scp 
# Started at Mon Feb  1 12:26:21 EST 2021
#
copy-feats --write-num-frames=ark,t:data/hisham/log/utt2num_frames.2 --compress=true ark:- ark,scp:/Users/john/kaldi_jjm/egs/ultra_testbed/t1/data/hisham/data/raw_mfcc_hisham.2.ark,/Users/john/kaldi_jjm/egs/ultra_testbed/t1/data/hisham/data/raw_mfcc_hisham.2.scp 
compute-mfcc-feats --write-utt2dur=ark,t:data/hisham/log/utt2dur.2 --verbose=2 --config=conf/mfcc.conf scp,p:data/hisham/log/wav_hisham.2.scp ark:- 
VLOG[2] (compute-mfcc-feats[5.5.810~1-76a979]:main():compute-mfcc-feats.cc:182) Processed features for key hisham_recordings_14
VLOG[2] (compute-mfcc-feats[5.5.810~1-76a979]:main():compute-mfcc-feats.cc:182) Processed features for key hisham_recordings_15
VLOG[2] (compute-mfcc-feats[5.5.810~1-76a979]:main():compute-mfcc-feats.cc:182) Processed features for key hisham_recordings_16
VLOG[2] (compute-mfcc-feats[5.5.810~1-76a979]:main():compute-mfcc-feats.cc:182) Processed features for key hisham_recordings_17
VLOG[2] (compute-mfcc-feats[5.5.810~1-76a979]:main():compute-mfcc-feats.cc:182) Processed features for key hisham_recordings_18
VLOG[2] (compute-mfcc-feats[5.5.810~1-76a979]:main():compute-mfcc-feats.cc:182) Processed features for key hisham_recordings_19
VLOG[2] (compute-mfcc-feats[5.5.810~1-76a979]:main():compute-mfcc-feats.cc:182) Processed features for key hisham_recordings_20
VLOG[2] (compute-mfcc-feats[5.5.810~1-76a979]:main():compute-mfcc-feats.cc:182) Processed features for key hisham_recordings_21
VLOG[2] (compute-mfcc-feats[5.5.810~1-76a979]:main():compute-mfcc-feats.cc:182) Processed features for key hisham_recordings_22
LOG (compute-mfcc-feats[5.5.810~1-76a979]:main():compute-mfcc-feats.cc:181) Processed 10 utterances
VLOG[2] (compute-mfcc-feats[5.5.810~1-76a979]:main():compute-mfcc-feats.cc:182) Processed features for key hisham_recordings_23
VLOG[2] (compute-mfcc-feats[5.5.810~1-76a979]:main():compute-mfcc-feats.cc:182) Processed features for key hisham_recordings_24
VLOG[2] (compute-mfcc-feats[5.5.810~1-76a979]:main():compute-mfcc-feats.cc:182) Processed features for key hisham_recordings_25
VLOG[2] (compute-mfcc-feats[5.5.810~1-76a979]:main():compute-mfcc-feats.cc:182) Processed features for key hisham_recordings_26
LOG (compute-mfcc-feats[5.5.810~1-76a979]:main():compute-mfcc-feats.cc:185)  Done 13 out of 13 utterances.
LOG (copy-feats[5.5.810~1-76a979]:main():copy-feats.cc:143) Copied 13 feature matrices.
# Accounting: time=1 threads=1
# Ended (code 0) at Mon Feb  1 12:26:22 EST 2021, elapsed time 1 seconds
