# compute-mfcc-feats --write-utt2dur=ark,t:data/hisham/log/utt2dur.3 --verbose=2 --config=conf/mfcc.conf scp,p:data/hisham/log/wav_hisham.3.scp ark:- | copy-feats --write-num-frames=ark,t:data/hisham/log/utt2num_frames.3 --compress=true ark:- ark,scp:/Users/john/kaldi_jjm/egs/ultra_testbed/t1/data/hisham/data/raw_mfcc_hisham.3.ark,/Users/john/kaldi_jjm/egs/ultra_testbed/t1/data/hisham/data/raw_mfcc_hisham.3.scp 
# Started at Mon Feb  1 12:26:21 EST 2021
#
copy-feats --write-num-frames=ark,t:data/hisham/log/utt2num_frames.3 --compress=true ark:- ark,scp:/Users/john/kaldi_jjm/egs/ultra_testbed/t1/data/hisham/data/raw_mfcc_hisham.3.ark,/Users/john/kaldi_jjm/egs/ultra_testbed/t1/data/hisham/data/raw_mfcc_hisham.3.scp 
compute-mfcc-feats --write-utt2dur=ark,t:data/hisham/log/utt2dur.3 --verbose=2 --config=conf/mfcc.conf scp,p:data/hisham/log/wav_hisham.3.scp ark:- 
VLOG[2] (compute-mfcc-feats[5.5.810~1-76a979]:main():compute-mfcc-feats.cc:182) Processed features for key hisham_recordings_27
VLOG[2] (compute-mfcc-feats[5.5.810~1-76a979]:main():compute-mfcc-feats.cc:182) Processed features for key hisham_recordings_28
VLOG[2] (compute-mfcc-feats[5.5.810~1-76a979]:main():compute-mfcc-feats.cc:182) Processed features for key hisham_recordings_29
VLOG[2] (compute-mfcc-feats[5.5.810~1-76a979]:main():compute-mfcc-feats.cc:182) Processed features for key hisham_recordings_30
VLOG[2] (compute-mfcc-feats[5.5.810~1-76a979]:main():compute-mfcc-feats.cc:182) Processed features for key hisham_recordings_31
VLOG[2] (compute-mfcc-feats[5.5.810~1-76a979]:main():compute-mfcc-feats.cc:182) Processed features for key hisham_recordings_32
VLOG[2] (compute-mfcc-feats[5.5.810~1-76a979]:main():compute-mfcc-feats.cc:182) Processed features for key hisham_recordings_33
VLOG[2] (compute-mfcc-feats[5.5.810~1-76a979]:main():compute-mfcc-feats.cc:182) Processed features for key hisham_recordings_34
VLOG[2] (compute-mfcc-feats[5.5.810~1-76a979]:main():compute-mfcc-feats.cc:182) Processed features for key hisham_recordings_35
LOG (compute-mfcc-feats[5.5.810~1-76a979]:main():compute-mfcc-feats.cc:181) Processed 10 utterances
VLOG[2] (compute-mfcc-feats[5.5.810~1-76a979]:main():compute-mfcc-feats.cc:182) Processed features for key hisham_recordings_36
VLOG[2] (compute-mfcc-feats[5.5.810~1-76a979]:main():compute-mfcc-feats.cc:182) Processed features for key hisham_recordings_37
VLOG[2] (compute-mfcc-feats[5.5.810~1-76a979]:main():compute-mfcc-feats.cc:182) Processed features for key hisham_recordings_38
LOG (compute-mfcc-feats[5.5.810~1-76a979]:main():compute-mfcc-feats.cc:185)  Done 12 out of 12 utterances.
LOG (copy-feats[5.5.810~1-76a979]:main():copy-feats.cc:143) Copied 12 feature matrices.
# Accounting: time=1 threads=1
# Ended (code 0) at Mon Feb  1 12:26:22 EST 2021, elapsed time 1 seconds
