# compute-mfcc-feats --write-utt2dur=ark,t:data/bubaker/log/utt2dur.2 --verbose=2 --config=conf/mfcc.conf scp,p:data/bubaker/log/wav_bubaker.2.scp ark:- | copy-feats --write-num-frames=ark,t:data/bubaker/log/utt2num_frames.2 --compress=true ark:- ark,scp:/Users/john/kaldi_jjm/egs/ultra_testbed/t1/data/bubaker/data/raw_mfcc_bubaker.2.ark,/Users/john/kaldi_jjm/egs/ultra_testbed/t1/data/bubaker/data/raw_mfcc_bubaker.2.scp 
# Started at Mon Feb  1 12:26:21 EST 2021
#
compute-mfcc-feats --write-utt2dur=ark,t:data/bubaker/log/utt2dur.2 --verbose=2 --config=conf/mfcc.conf scp,p:data/bubaker/log/wav_bubaker.2.scp ark:- 
copy-feats --write-num-frames=ark,t:data/bubaker/log/utt2num_frames.2 --compress=true ark:- ark,scp:/Users/john/kaldi_jjm/egs/ultra_testbed/t1/data/bubaker/data/raw_mfcc_bubaker.2.ark,/Users/john/kaldi_jjm/egs/ultra_testbed/t1/data/bubaker/data/raw_mfcc_bubaker.2.scp 
VLOG[2] (compute-mfcc-feats[5.5.810~1-76a979]:main():compute-mfcc-feats.cc:182) Processed features for key bubaker_recordings_106
VLOG[2] (compute-mfcc-feats[5.5.810~1-76a979]:main():compute-mfcc-feats.cc:182) Processed features for key bubaker_recordings_107
VLOG[2] (compute-mfcc-feats[5.5.810~1-76a979]:main():compute-mfcc-feats.cc:182) Processed features for key bubaker_recordings_108
VLOG[2] (compute-mfcc-feats[5.5.810~1-76a979]:main():compute-mfcc-feats.cc:182) Processed features for key bubaker_recordings_109
VLOG[2] (compute-mfcc-feats[5.5.810~1-76a979]:main():compute-mfcc-feats.cc:182) Processed features for key bubaker_recordings_110
VLOG[2] (compute-mfcc-feats[5.5.810~1-76a979]:main():compute-mfcc-feats.cc:182) Processed features for key bubaker_recordings_111
VLOG[2] (compute-mfcc-feats[5.5.810~1-76a979]:main():compute-mfcc-feats.cc:182) Processed features for key bubaker_recordings_112
VLOG[2] (compute-mfcc-feats[5.5.810~1-76a979]:main():compute-mfcc-feats.cc:182) Processed features for key bubaker_recordings_113
VLOG[2] (compute-mfcc-feats[5.5.810~1-76a979]:main():compute-mfcc-feats.cc:182) Processed features for key bubaker_recordings_114
LOG (compute-mfcc-feats[5.5.810~1-76a979]:main():compute-mfcc-feats.cc:181) Processed 10 utterances
VLOG[2] (compute-mfcc-feats[5.5.810~1-76a979]:main():compute-mfcc-feats.cc:182) Processed features for key bubaker_recordings_115
VLOG[2] (compute-mfcc-feats[5.5.810~1-76a979]:main():compute-mfcc-feats.cc:182) Processed features for key bubaker_recordings_116
VLOG[2] (compute-mfcc-feats[5.5.810~1-76a979]:main():compute-mfcc-feats.cc:182) Processed features for key bubaker_recordings_117
VLOG[2] (compute-mfcc-feats[5.5.810~1-76a979]:main():compute-mfcc-feats.cc:182) Processed features for key bubaker_recordings_118
LOG (compute-mfcc-feats[5.5.810~1-76a979]:main():compute-mfcc-feats.cc:185)  Done 13 out of 13 utterances.
LOG (copy-feats[5.5.810~1-76a979]:main():copy-feats.cc:143) Copied 13 feature matrices.
# Accounting: time=0 threads=1
# Ended (code 0) at Mon Feb  1 12:26:21 EST 2021, elapsed time 0 seconds
