# compute-mfcc-feats --write-utt2dur=ark,t:data/bubaker/log/utt2dur.1 --verbose=2 --config=conf/mfcc.conf scp,p:data/bubaker/log/wav_bubaker.1.scp ark:- | copy-feats --write-num-frames=ark,t:data/bubaker/log/utt2num_frames.1 --compress=true ark:- ark,scp:/Users/john/kaldi_jjm/egs/ultra_testbed/t1/data/bubaker/data/raw_mfcc_bubaker.1.ark,/Users/john/kaldi_jjm/egs/ultra_testbed/t1/data/bubaker/data/raw_mfcc_bubaker.1.scp 
# Started at Mon Feb  1 12:26:21 EST 2021
#
copy-feats --write-num-frames=ark,t:data/bubaker/log/utt2num_frames.1 --compress=true ark:- ark,scp:/Users/john/kaldi_jjm/egs/ultra_testbed/t1/data/bubaker/data/raw_mfcc_bubaker.1.ark,/Users/john/kaldi_jjm/egs/ultra_testbed/t1/data/bubaker/data/raw_mfcc_bubaker.1.scp 
compute-mfcc-feats --write-utt2dur=ark,t:data/bubaker/log/utt2dur.1 --verbose=2 --config=conf/mfcc.conf scp,p:data/bubaker/log/wav_bubaker.1.scp ark:- 
VLOG[2] (compute-mfcc-feats[5.5.810~1-76a979]:main():compute-mfcc-feats.cc:182) Processed features for key bubaker_recordings_001
VLOG[2] (compute-mfcc-feats[5.5.810~1-76a979]:main():compute-mfcc-feats.cc:182) Processed features for key bubaker_recordings_002
VLOG[2] (compute-mfcc-feats[5.5.810~1-76a979]:main():compute-mfcc-feats.cc:182) Processed features for key bubaker_recordings_003
VLOG[2] (compute-mfcc-feats[5.5.810~1-76a979]:main():compute-mfcc-feats.cc:182) Processed features for key bubaker_recordings_004
VLOG[2] (compute-mfcc-feats[5.5.810~1-76a979]:main():compute-mfcc-feats.cc:182) Processed features for key bubaker_recordings_005
VLOG[2] (compute-mfcc-feats[5.5.810~1-76a979]:main():compute-mfcc-feats.cc:182) Processed features for key bubaker_recordings_006
VLOG[2] (compute-mfcc-feats[5.5.810~1-76a979]:main():compute-mfcc-feats.cc:182) Processed features for key bubaker_recordings_007
VLOG[2] (compute-mfcc-feats[5.5.810~1-76a979]:main():compute-mfcc-feats.cc:182) Processed features for key bubaker_recordings_008
VLOG[2] (compute-mfcc-feats[5.5.810~1-76a979]:main():compute-mfcc-feats.cc:182) Processed features for key bubaker_recordings_101
LOG (compute-mfcc-feats[5.5.810~1-76a979]:main():compute-mfcc-feats.cc:181) Processed 10 utterances
VLOG[2] (compute-mfcc-feats[5.5.810~1-76a979]:main():compute-mfcc-feats.cc:182) Processed features for key bubaker_recordings_102
VLOG[2] (compute-mfcc-feats[5.5.810~1-76a979]:main():compute-mfcc-feats.cc:182) Processed features for key bubaker_recordings_103
VLOG[2] (compute-mfcc-feats[5.5.810~1-76a979]:main():compute-mfcc-feats.cc:182) Processed features for key bubaker_recordings_104
VLOG[2] (compute-mfcc-feats[5.5.810~1-76a979]:main():compute-mfcc-feats.cc:182) Processed features for key bubaker_recordings_105
LOG (compute-mfcc-feats[5.5.810~1-76a979]:main():compute-mfcc-feats.cc:185)  Done 13 out of 13 utterances.
LOG (copy-feats[5.5.810~1-76a979]:main():copy-feats.cc:143) Copied 13 feature matrices.
# Accounting: time=0 threads=1
# Ended (code 0) at Mon Feb  1 12:26:21 EST 2021, elapsed time 0 seconds
