# compute-mfcc-feats --write-utt2dur=ark,t:data/bubaker/log/utt2dur.3 --verbose=2 --config=conf/mfcc.conf scp,p:data/bubaker/log/wav_bubaker.3.scp ark:- | copy-feats --write-num-frames=ark,t:data/bubaker/log/utt2num_frames.3 --compress=true ark:- ark,scp:/Users/john/kaldi_jjm/egs/ultra_testbed/t1/data/bubaker/data/raw_mfcc_bubaker.3.ark,/Users/john/kaldi_jjm/egs/ultra_testbed/t1/data/bubaker/data/raw_mfcc_bubaker.3.scp 
# Started at Mon Feb  1 12:26:21 EST 2021
#
copy-feats --write-num-frames=ark,t:data/bubaker/log/utt2num_frames.3 --compress=true ark:- ark,scp:/Users/john/kaldi_jjm/egs/ultra_testbed/t1/data/bubaker/data/raw_mfcc_bubaker.3.ark,/Users/john/kaldi_jjm/egs/ultra_testbed/t1/data/bubaker/data/raw_mfcc_bubaker.3.scp 
compute-mfcc-feats --write-utt2dur=ark,t:data/bubaker/log/utt2dur.3 --verbose=2 --config=conf/mfcc.conf scp,p:data/bubaker/log/wav_bubaker.3.scp ark:- 
VLOG[2] (compute-mfcc-feats[5.5.810~1-76a979]:main():compute-mfcc-feats.cc:182) Processed features for key bubaker_recordings_119
VLOG[2] (compute-mfcc-feats[5.5.810~1-76a979]:main():compute-mfcc-feats.cc:182) Processed features for key bubaker_recordings_120
VLOG[2] (compute-mfcc-feats[5.5.810~1-76a979]:main():compute-mfcc-feats.cc:182) Processed features for key bubaker_recordings_121
VLOG[2] (compute-mfcc-feats[5.5.810~1-76a979]:main():compute-mfcc-feats.cc:182) Processed features for key bubaker_recordings_122
VLOG[2] (compute-mfcc-feats[5.5.810~1-76a979]:main():compute-mfcc-feats.cc:182) Processed features for key bubaker_recordings_123
VLOG[2] (compute-mfcc-feats[5.5.810~1-76a979]:main():compute-mfcc-feats.cc:182) Processed features for key bubaker_recordings_124
VLOG[2] (compute-mfcc-feats[5.5.810~1-76a979]:main():compute-mfcc-feats.cc:182) Processed features for key bubaker_recordings_125
VLOG[2] (compute-mfcc-feats[5.5.810~1-76a979]:main():compute-mfcc-feats.cc:182) Processed features for key bubaker_recordings_126
VLOG[2] (compute-mfcc-feats[5.5.810~1-76a979]:main():compute-mfcc-feats.cc:182) Processed features for key bubaker_recordings_127
LOG (compute-mfcc-feats[5.5.810~1-76a979]:main():compute-mfcc-feats.cc:181) Processed 10 utterances
VLOG[2] (compute-mfcc-feats[5.5.810~1-76a979]:main():compute-mfcc-feats.cc:182) Processed features for key bubaker_recordings_128
VLOG[2] (compute-mfcc-feats[5.5.810~1-76a979]:main():compute-mfcc-feats.cc:182) Processed features for key bubaker_recordings_129
VLOG[2] (compute-mfcc-feats[5.5.810~1-76a979]:main():compute-mfcc-feats.cc:182) Processed features for key bubaker_recordings_130
LOG (compute-mfcc-feats[5.5.810~1-76a979]:main():compute-mfcc-feats.cc:185)  Done 12 out of 12 utterances.
LOG (copy-feats[5.5.810~1-76a979]:main():copy-feats.cc:143) Copied 12 feature matrices.
# Accounting: time=0 threads=1
# Ended (code 0) at Mon Feb  1 12:26:21 EST 2021, elapsed time 0 seconds
