# compute-mfcc-feats --write-utt2dur=ark,t:data/redha/log/utt2dur.4 --verbose=2 --config=conf/mfcc.conf scp,p:data/redha/log/wav_redha.4.scp ark:- | copy-feats --write-num-frames=ark,t:data/redha/log/utt2num_frames.4 --compress=true ark:- ark,scp:/Users/john/kaldi_jjm/egs/ultra_testbed/t1/data/redha/data/raw_mfcc_redha.4.ark,/Users/john/kaldi_jjm/egs/ultra_testbed/t1/data/redha/data/raw_mfcc_redha.4.scp 
# Started at Mon Feb  1 12:26:23 EST 2021
#
copy-feats --write-num-frames=ark,t:data/redha/log/utt2num_frames.4 --compress=true ark:- ark,scp:/Users/john/kaldi_jjm/egs/ultra_testbed/t1/data/redha/data/raw_mfcc_redha.4.ark,/Users/john/kaldi_jjm/egs/ultra_testbed/t1/data/redha/data/raw_mfcc_redha.4.scp 
compute-mfcc-feats --write-utt2dur=ark,t:data/redha/log/utt2dur.4 --verbose=2 --config=conf/mfcc.conf scp,p:data/redha/log/wav_redha.4.scp ark:- 
VLOG[2] (compute-mfcc-feats[5.5.810~1-76a979]:main():compute-mfcc-feats.cc:182) Processed features for key redha_recordings_089
VLOG[2] (compute-mfcc-feats[5.5.810~1-76a979]:main():compute-mfcc-feats.cc:182) Processed features for key redha_recordings_090
VLOG[2] (compute-mfcc-feats[5.5.810~1-76a979]:main():compute-mfcc-feats.cc:182) Processed features for key redha_recordings_091
VLOG[2] (compute-mfcc-feats[5.5.810~1-76a979]:main():compute-mfcc-feats.cc:182) Processed features for key redha_recordings_092
VLOG[2] (compute-mfcc-feats[5.5.810~1-76a979]:main():compute-mfcc-feats.cc:182) Processed features for key redha_recordings_093
VLOG[2] (compute-mfcc-feats[5.5.810~1-76a979]:main():compute-mfcc-feats.cc:182) Processed features for key redha_recordings_094
VLOG[2] (compute-mfcc-feats[5.5.810~1-76a979]:main():compute-mfcc-feats.cc:182) Processed features for key redha_recordings_095
VLOG[2] (compute-mfcc-feats[5.5.810~1-76a979]:main():compute-mfcc-feats.cc:182) Processed features for key redha_recordings_096
VLOG[2] (compute-mfcc-feats[5.5.810~1-76a979]:main():compute-mfcc-feats.cc:182) Processed features for key redha_recordings_097
LOG (compute-mfcc-feats[5.5.810~1-76a979]:main():compute-mfcc-feats.cc:181) Processed 10 utterances
VLOG[2] (compute-mfcc-feats[5.5.810~1-76a979]:main():compute-mfcc-feats.cc:182) Processed features for key redha_recordings_098
VLOG[2] (compute-mfcc-feats[5.5.810~1-76a979]:main():compute-mfcc-feats.cc:182) Processed features for key redha_recordings_099
VLOG[2] (compute-mfcc-feats[5.5.810~1-76a979]:main():compute-mfcc-feats.cc:182) Processed features for key redha_recordings_100
LOG (compute-mfcc-feats[5.5.810~1-76a979]:main():compute-mfcc-feats.cc:185)  Done 12 out of 12 utterances.
LOG (copy-feats[5.5.810~1-76a979]:main():copy-feats.cc:143) Copied 12 feature matrices.
# Accounting: time=0 threads=1
# Ended (code 0) at Mon Feb  1 12:26:23 EST 2021, elapsed time 0 seconds
