# compute-mfcc-feats --write-utt2dur=ark,t:data/redha/log/utt2dur.3 --verbose=2 --config=conf/mfcc.conf scp,p:data/redha/log/wav_redha.3.scp ark:- | copy-feats --write-num-frames=ark,t:data/redha/log/utt2num_frames.3 --compress=true ark:- ark,scp:/Users/john/kaldi_jjm/egs/ultra_testbed/t1/data/redha/data/raw_mfcc_redha.3.ark,/Users/john/kaldi_jjm/egs/ultra_testbed/t1/data/redha/data/raw_mfcc_redha.3.scp 
# Started at Mon Feb  1 12:26:23 EST 2021
#
copy-feats --write-num-frames=ark,t:data/redha/log/utt2num_frames.3 --compress=true ark:- ark,scp:/Users/john/kaldi_jjm/egs/ultra_testbed/t1/data/redha/data/raw_mfcc_redha.3.ark,/Users/john/kaldi_jjm/egs/ultra_testbed/t1/data/redha/data/raw_mfcc_redha.3.scp 
compute-mfcc-feats --write-utt2dur=ark,t:data/redha/log/utt2dur.3 --verbose=2 --config=conf/mfcc.conf scp,p:data/redha/log/wav_redha.3.scp ark:- 
VLOG[2] (compute-mfcc-feats[5.5.810~1-76a979]:main():compute-mfcc-feats.cc:182) Processed features for key redha_recordings_077
VLOG[2] (compute-mfcc-feats[5.5.810~1-76a979]:main():compute-mfcc-feats.cc:182) Processed features for key redha_recordings_078
VLOG[2] (compute-mfcc-feats[5.5.810~1-76a979]:main():compute-mfcc-feats.cc:182) Processed features for key redha_recordings_079
VLOG[2] (compute-mfcc-feats[5.5.810~1-76a979]:main():compute-mfcc-feats.cc:182) Processed features for key redha_recordings_080
VLOG[2] (compute-mfcc-feats[5.5.810~1-76a979]:main():compute-mfcc-feats.cc:182) Processed features for key redha_recordings_081
VLOG[2] (compute-mfcc-feats[5.5.810~1-76a979]:main():compute-mfcc-feats.cc:182) Processed features for key redha_recordings_082
VLOG[2] (compute-mfcc-feats[5.5.810~1-76a979]:main():compute-mfcc-feats.cc:182) Processed features for key redha_recordings_083
VLOG[2] (compute-mfcc-feats[5.5.810~1-76a979]:main():compute-mfcc-feats.cc:182) Processed features for key redha_recordings_084
VLOG[2] (compute-mfcc-feats[5.5.810~1-76a979]:main():compute-mfcc-feats.cc:182) Processed features for key redha_recordings_085
LOG (compute-mfcc-feats[5.5.810~1-76a979]:main():compute-mfcc-feats.cc:181) Processed 10 utterances
VLOG[2] (compute-mfcc-feats[5.5.810~1-76a979]:main():compute-mfcc-feats.cc:182) Processed features for key redha_recordings_086
VLOG[2] (compute-mfcc-feats[5.5.810~1-76a979]:main():compute-mfcc-feats.cc:182) Processed features for key redha_recordings_087
VLOG[2] (compute-mfcc-feats[5.5.810~1-76a979]:main():compute-mfcc-feats.cc:182) Processed features for key redha_recordings_088
LOG (compute-mfcc-feats[5.5.810~1-76a979]:main():compute-mfcc-feats.cc:185)  Done 12 out of 12 utterances.
LOG (copy-feats[5.5.810~1-76a979]:main():copy-feats.cc:143) Copied 12 feature matrices.
# Accounting: time=0 threads=1
# Ended (code 0) at Mon Feb  1 12:26:23 EST 2021, elapsed time 0 seconds
